<?xml version="1.0" encoding="UTF-8"?>
<!-- Generated by org.testng.reporters.JUnitReportReporter -->
<testsuite skipped="1" hostname="LAPTOP-AM4UBTJN" name="selenium.Task1" tests="1" failures="0" timestamp="2021-09-23T00:21:10 IST" time="0.000" errors="0">
  <testcase name="setUp" time="0.000" classname="selenium.Task1">
    <skipped/>
  </testcase> <!-- setUp -->
  <system-out/>
</testsuite> <!-- selenium.Task1 -->
